The system is: Linux - 5.4.0-148-generic - x86_64
Compiling the CXX compiler identification source file "CMakeCXXCompilerId.cpp" succeeded.
Compiler: /usr/local/gcc-8.2/bin/c++ 
Build flags: 
Id flags:  

The output was:
0


Compilation of the CXX compiler identification source "CMakeCXXCompilerId.cpp" produced "a.out"

The CXX compiler identification is GNU, found in "/home/les/MyCode/PyCode/pointpillisars_local/deploy/pointpillars/cpp/build/CMakeFiles/3.16.0/CompilerIdCXX/a.out"

Compiling the C compiler identification source file "CMakeCCompilerId.c" succeeded.
Compiler: /usr/local/gcc-8.2/bin/gcc 
Build flags: 
Id flags:  

The output was:
0


Compilation of the C compiler identification source "CMakeCCompilerId.c" produced "a.out"

The C compiler identification is GNU, found in "/home/les/MyCode/PyCode/pointpillisars_local/deploy/pointpillars/cpp/build/CMakeFiles/3.16.0/CompilerIdC/a.out"

Determining if the CXX compiler works passed with the following output:
Change Dir: /home/les/MyCode/PyCode/pointpillisars_local/deploy/pointpillars/cpp/build/CMakeFiles/CMakeTmp

Run Build Command(s):/usr/bin/make cmTC_927c9/fast && /usr/bin/make -f CMakeFiles/cmTC_927c9.dir/build.make CMakeFiles/cmTC_927c9.dir/build
make[1]: Entering directory '/home/les/MyCode/PyCode/pointpillisars_local/deploy/pointpillars/cpp/build/CMakeFiles/CMakeTmp'
Building CXX object CMakeFiles/cmTC_927c9.dir/testCXXCompiler.cxx.o
/usr/local/gcc-8.2/bin/c++     -o CMakeFiles/cmTC_927c9.dir/testCXXCompiler.cxx.o -c /home/les/MyCode/PyCode/pointpillisars_local/deploy/pointpillars/cpp/build/CMakeFiles/CMakeTmp/testCXXCompiler.cxx
Linking CXX executable cmTC_927c9
/home/cmake-3.16.0-Linux-x86_64/bin/cmake -E cmake_link_script CMakeFiles/cmTC_927c9.dir/link.txt --verbose=1
/usr/local/gcc-8.2/bin/c++       -rdynamic CMakeFiles/cmTC_927c9.dir/testCXXCompiler.cxx.o  -o cmTC_927c9 
make[1]: Leaving directory '/home/les/MyCode/PyCode/pointpillisars_local/deploy/pointpillars/cpp/build/CMakeFiles/CMakeTmp'



Detecting CXX compiler ABI info compiled with the following output:
Change Dir: /home/les/MyCode/PyCode/pointpillisars_local/deploy/pointpillars/cpp/build/CMakeFiles/CMakeTmp

Run Build Command(s):/usr/bin/make cmTC_56711/fast && /usr/bin/make -f CMakeFiles/cmTC_56711.dir/build.make CMakeFiles/cmTC_56711.dir/build
make[1]: Entering directory '/home/les/MyCode/PyCode/pointpillisars_local/deploy/pointpillars/cpp/build/CMakeFiles/CMakeTmp'
Building CXX object CMakeFiles/cmTC_56711.dir/CMakeCXXCompilerABI.cpp.o
/usr/local/gcc-8.2/bin/c++    -v -o CMakeFiles/cmTC_56711.dir/CMakeCXXCompilerABI.cpp.o -c /home/cmake-3.16.0-Linux-x86_64/share/cmake-3.16/Modules/CMakeCXXCompilerABI.cpp
Using built-in specs.
COLLECT_GCC=/usr/local/gcc-8.2/bin/c++
Target: x86_64-pc-linux-gnu
Configured with: ../gcc-8.2.0/configure --prefix=/usr/local/gcc-8.2 --enable-threads=posix --disable-checking --disable-multilib
Thread model: posix
gcc version 8.2.0 (GCC) 
COLLECT_GCC_OPTIONS='-v' '-o' 'CMakeFiles/cmTC_56711.dir/CMakeCXXCompilerABI.cpp.o' '-c' '-shared-libgcc' '-mtune=generic' '-march=x86-64'
 /usr/local/gcc-8.2/libexec/gcc/x86_64-pc-linux-gnu/8.2.0/cc1plus -quiet -v -imultiarch x86_64-linux-gnu -D_GNU_SOURCE /home/cmake-3.16.0-Linux-x86_64/share/cmake-3.16/Modules/CMakeCXXCompilerABI.cpp -quiet -dumpbase CMakeCXXCompilerABI.cpp -mtune=generic -march=x86-64 -auxbase-strip CMakeFiles/cmTC_56711.dir/CMakeCXXCompilerABI.cpp.o -version -o /tmp/ccFN9Vmx.s
GNU C++14 (GCC) version 8.2.0 (x86_64-pc-linux-gnu)
	compiled by GNU C version 8.2.0, GMP version 6.1.0, MPFR version 3.1.4, MPC version 1.0.3, isl version isl-0.18-GMP

GGC heuristics: --param ggc-min-expand=100 --param ggc-min-heapsize=131072
ignoring nonexistent directory "/usr/local/python3.7.0/include/python3.7"
ignoring nonexistent directory "/usr/local/include/x86_64-linux-gnu"
ignoring nonexistent directory "/usr/local/gcc-8.2/lib/gcc/x86_64-pc-linux-gnu/8.2.0/../../../../x86_64-pc-linux-gnu/include"
#include "..." search starts here:
#include <...> search starts here:
 .
 /usr/local/gcc-8.2/lib/gcc/x86_64-pc-linux-gnu/8.2.0/../../../../include/c++/8.2.0
 /usr/local/gcc-8.2/lib/gcc/x86_64-pc-linux-gnu/8.2.0/../../../../include/c++/8.2.0/x86_64-pc-linux-gnu
 /usr/local/gcc-8.2/lib/gcc/x86_64-pc-linux-gnu/8.2.0/../../../../include/c++/8.2.0/backward
 /usr/local/gcc-8.2/lib/gcc/x86_64-pc-linux-gnu/8.2.0/include
 /usr/local/include
 /usr/local/gcc-8.2/include
 /usr/local/gcc-8.2/lib/gcc/x86_64-pc-linux-gnu/8.2.0/include-fixed
 /usr/include/x86_64-linux-gnu
 /usr/include
End of search list.
GNU C++14 (GCC) version 8.2.0 (x86_64-pc-linux-gnu)
	compiled by GNU C version 8.2.0, GMP version 6.1.0, MPFR version 3.1.4, MPC version 1.0.3, isl version isl-0.18-GMP

GGC heuristics: --param ggc-min-expand=100 --param ggc-min-heapsize=131072
Compiler executable checksum: 7d135433b0c74efc52bdfca490c15261
COLLECT_GCC_OPTIONS='-v' '-o' 'CMakeFiles/cmTC_56711.dir/CMakeCXXCompilerABI.cpp.o' '-c' '-shared-libgcc' '-mtune=generic' '-march=x86-64'
 as -v --64 -o CMakeFiles/cmTC_56711.dir/CMakeCXXCompilerABI.cpp.o /tmp/ccFN9Vmx.s
GNU assembler version 2.27 (x86_64-pc-linux-gnu) using BFD version (GNU Binutils) 2.27
COMPILER_PATH=/usr/local/gcc-8.2/libexec/gcc/x86_64-pc-linux-gnu/8.2.0/:/usr/local/gcc-8.2/libexec/gcc/x86_64-pc-linux-gnu/8.2.0/:/usr/local/gcc-8.2/libexec/gcc/x86_64-pc-linux-gnu/:/usr/local/gcc-8.2/lib/gcc/x86_64-pc-linux-gnu/8.2.0/:/usr/local/gcc-8.2/lib/gcc/x86_64-pc-linux-gnu/
LIBRARY_PATH=/usr/local/gcc-8.2/lib/gcc/x86_64-pc-linux-gnu/8.2.0/:/usr/local/gcc-8.2/lib/gcc/x86_64-pc-linux-gnu/8.2.0/../../../../lib64/:/lib/x86_64-linux-gnu/:/lib/../lib64/:/usr/lib/x86_64-linux-gnu/:/usr/local/cuda/lib64/stubs/:/usr/local/gcc-8.2/lib/gcc/x86_64-pc-linux-gnu/8.2.0/../../../:/lib/:/usr/lib/
COLLECT_GCC_OPTIONS='-v' '-o' 'CMakeFiles/cmTC_56711.dir/CMakeCXXCompilerABI.cpp.o' '-c' '-shared-libgcc' '-mtune=generic' '-march=x86-64'
Linking CXX executable cmTC_56711
/home/cmake-3.16.0-Linux-x86_64/bin/cmake -E cmake_link_script CMakeFiles/cmTC_56711.dir/link.txt --verbose=1
/usr/local/gcc-8.2/bin/c++      -v -rdynamic CMakeFiles/cmTC_56711.dir/CMakeCXXCompilerABI.cpp.o  -o cmTC_56711 
Using built-in specs.
COLLECT_GCC=/usr/local/gcc-8.2/bin/c++
COLLECT_LTO_WRAPPER=/usr/local/gcc-8.2/libexec/gcc/x86_64-pc-linux-gnu/8.2.0/lto-wrapper
Target: x86_64-pc-linux-gnu
Configured with: ../gcc-8.2.0/configure --prefix=/usr/local/gcc-8.2 --enable-threads=posix --disable-checking --disable-multilib
Thread model: posix
gcc version 8.2.0 (GCC) 
COMPILER_PATH=/usr/local/gcc-8.2/libexec/gcc/x86_64-pc-linux-gnu/8.2.0/:/usr/local/gcc-8.2/libexec/gcc/x86_64-pc-linux-gnu/8.2.0/:/usr/local/gcc-8.2/libexec/gcc/x86_64-pc-linux-gnu/:/usr/local/gcc-8.2/lib/gcc/x86_64-pc-linux-gnu/8.2.0/:/usr/local/gcc-8.2/lib/gcc/x86_64-pc-linux-gnu/
LIBRARY_PATH=/usr/local/gcc-8.2/lib/gcc/x86_64-pc-linux-gnu/8.2.0/:/usr/local/gcc-8.2/lib/gcc/x86_64-pc-linux-gnu/8.2.0/../../../../lib64/:/lib/x86_64-linux-gnu/:/lib/../lib64/:/usr/lib/x86_64-linux-gnu/:/usr/local/cuda/lib64/stubs/:/usr/local/gcc-8.2/lib/gcc/x86_64-pc-linux-gnu/8.2.0/../../../:/lib/:/usr/lib/
COLLECT_GCC_OPTIONS='-v' '-rdynamic' '-o' 'cmTC_56711' '-shared-libgcc' '-mtune=generic' '-march=x86-64'
 /usr/local/gcc-8.2/libexec/gcc/x86_64-pc-linux-gnu/8.2.0/collect2 -plugin /usr/local/gcc-8.2/libexec/gcc/x86_64-pc-linux-gnu/8.2.0/liblto_plugin.so -plugin-opt=/usr/local/gcc-8.2/libexec/gcc/x86_64-pc-linux-gnu/8.2.0/lto-wrapper -plugin-opt=-fresolution=/tmp/ccrXc6OD.res -plugin-opt=-pass-through=-lgcc_s -plugin-opt=-pass-through=-lgcc -plugin-opt=-pass-through=-lc -plugin-opt=-pass-through=-lgcc_s -plugin-opt=-pass-through=-lgcc --eh-frame-hdr -m elf_x86_64 -export-dynamic -dynamic-linker /lib64/ld-linux-x86-64.so.2 -o cmTC_56711 /usr/lib/x86_64-linux-gnu/crt1.o /usr/lib/x86_64-linux-gnu/crti.o /usr/local/gcc-8.2/lib/gcc/x86_64-pc-linux-gnu/8.2.0/crtbegin.o -L/usr/local/gcc-8.2/lib/gcc/x86_64-pc-linux-gnu/8.2.0 -L/usr/local/gcc-8.2/lib/gcc/x86_64-pc-linux-gnu/8.2.0/../../../../lib64 -L/lib/x86_64-linux-gnu -L/lib/../lib64 -L/usr/lib/x86_64-linux-gnu -L/usr/local/cuda/lib64/stubs -L/usr/local/gcc-8.2/lib/gcc/x86_64-pc-linux-gnu/8.2.0/../../.. CMakeFiles/cmTC_56711.dir/CMakeCXXCompilerABI.cpp.o -lstdc++ -lm -lgcc_s -lgcc -lc -lgcc_s -lgcc /usr/local/gcc-8.2/lib/gcc/x86_64-pc-linux-gnu/8.2.0/crtend.o /usr/lib/x86_64-linux-gnu/crtn.o
COLLECT_GCC_OPTIONS='-v' '-rdynamic' '-o' 'cmTC_56711' '-shared-libgcc' '-mtune=generic' '-march=x86-64'
make[1]: Leaving directory '/home/les/MyCode/PyCode/pointpillisars_local/deploy/pointpillars/cpp/build/CMakeFiles/CMakeTmp'



Parsed CXX implicit include dir info from above output: rv=done
  found start of include info
  found start of implicit include info
    add: [.]
    add: [/usr/local/gcc-8.2/lib/gcc/x86_64-pc-linux-gnu/8.2.0/../../../../include/c++/8.2.0]
    add: [/usr/local/gcc-8.2/lib/gcc/x86_64-pc-linux-gnu/8.2.0/../../../../include/c++/8.2.0/x86_64-pc-linux-gnu]
    add: [/usr/local/gcc-8.2/lib/gcc/x86_64-pc-linux-gnu/8.2.0/../../../../include/c++/8.2.0/backward]
    add: [/usr/local/gcc-8.2/lib/gcc/x86_64-pc-linux-gnu/8.2.0/include]
    add: [/usr/local/include]
    add: [/usr/local/gcc-8.2/include]
    add: [/usr/local/gcc-8.2/lib/gcc/x86_64-pc-linux-gnu/8.2.0/include-fixed]
    add: [/usr/include/x86_64-linux-gnu]
    add: [/usr/include]
  end of search list found
  skipping relative include dir [.]
  collapse include dir [/usr/local/gcc-8.2/lib/gcc/x86_64-pc-linux-gnu/8.2.0/../../../../include/c++/8.2.0] ==> [/usr/local/gcc-8.2/include/c++/8.2.0]
  collapse include dir [/usr/local/gcc-8.2/lib/gcc/x86_64-pc-linux-gnu/8.2.0/../../../../include/c++/8.2.0/x86_64-pc-linux-gnu] ==> [/usr/local/gcc-8.2/include/c++/8.2.0/x86_64-pc-linux-gnu]
  collapse include dir [/usr/local/gcc-8.2/lib/gcc/x86_64-pc-linux-gnu/8.2.0/../../../../include/c++/8.2.0/backward] ==> [/usr/local/gcc-8.2/include/c++/8.2.0/backward]
  collapse include dir [/usr/local/gcc-8.2/lib/gcc/x86_64-pc-linux-gnu/8.2.0/include] ==> [/usr/local/gcc-8.2/lib/gcc/x86_64-pc-linux-gnu/8.2.0/include]
  collapse include dir [/usr/local/include] ==> [/usr/local/include]
  collapse include dir [/usr/local/gcc-8.2/include] ==> [/usr/local/gcc-8.2/include]
  collapse include dir [/usr/local/gcc-8.2/lib/gcc/x86_64-pc-linux-gnu/8.2.0/include-fixed] ==> [/usr/local/gcc-8.2/lib/gcc/x86_64-pc-linux-gnu/8.2.0/include-fixed]
  collapse include dir [/usr/include/x86_64-linux-gnu] ==> [/usr/include/x86_64-linux-gnu]
  collapse include dir [/usr/include] ==> [/usr/include]
  implicit include dirs: [/usr/local/gcc-8.2/include/c++/8.2.0;/usr/local/gcc-8.2/include/c++/8.2.0/x86_64-pc-linux-gnu;/usr/local/gcc-8.2/include/c++/8.2.0/backward;/usr/local/gcc-8.2/lib/gcc/x86_64-pc-linux-gnu/8.2.0/include;/usr/local/include;/usr/local/gcc-8.2/include;/usr/local/gcc-8.2/lib/gcc/x86_64-pc-linux-gnu/8.2.0/include-fixed;/usr/include/x86_64-linux-gnu;/usr/include]


Parsed CXX implicit link information from above output:
  link line regex: [^( *|.*[/\])(ld|CMAKE_LINK_STARTFILE-NOTFOUND|([^/\]+-)?ld|collect2)[^/\]*( |$)]
  ignore line: [Change Dir: /home/les/MyCode/PyCode/pointpillisars_local/deploy/pointpillars/cpp/build/CMakeFiles/CMakeTmp]
  ignore line: []
  ignore line: [Run Build Command(s):/usr/bin/make cmTC_56711/fast && /usr/bin/make -f CMakeFiles/cmTC_56711.dir/build.make CMakeFiles/cmTC_56711.dir/build]
  ignore line: [make[1]: Entering directory '/home/les/MyCode/PyCode/pointpillisars_local/deploy/pointpillars/cpp/build/CMakeFiles/CMakeTmp']
  ignore line: [Building CXX object CMakeFiles/cmTC_56711.dir/CMakeCXXCompilerABI.cpp.o]
  ignore line: [/usr/local/gcc-8.2/bin/c++    -v -o CMakeFiles/cmTC_56711.dir/CMakeCXXCompilerABI.cpp.o -c /home/cmake-3.16.0-Linux-x86_64/share/cmake-3.16/Modules/CMakeCXXCompilerABI.cpp]
  ignore line: [Using built-in specs.]
  ignore line: [COLLECT_GCC=/usr/local/gcc-8.2/bin/c++]
  ignore line: [Target: x86_64-pc-linux-gnu]
  ignore line: [Configured with: ../gcc-8.2.0/configure --prefix=/usr/local/gcc-8.2 --enable-threads=posix --disable-checking --disable-multilib]
  ignore line: [Thread model: posix]
  ignore line: [gcc version 8.2.0 (GCC) ]
  ignore line: [COLLECT_GCC_OPTIONS='-v' '-o' 'CMakeFiles/cmTC_56711.dir/CMakeCXXCompilerABI.cpp.o' '-c' '-shared-libgcc' '-mtune=generic' '-march=x86-64']
  ignore line: [ /usr/local/gcc-8.2/libexec/gcc/x86_64-pc-linux-gnu/8.2.0/cc1plus -quiet -v -imultiarch x86_64-linux-gnu -D_GNU_SOURCE /home/cmake-3.16.0-Linux-x86_64/share/cmake-3.16/Modules/CMakeCXXCompilerABI.cpp -quiet -dumpbase CMakeCXXCompilerABI.cpp -mtune=generic -march=x86-64 -auxbase-strip CMakeFiles/cmTC_56711.dir/CMakeCXXCompilerABI.cpp.o -version -o /tmp/ccFN9Vmx.s]
  ignore line: [GNU C++14 (GCC) version 8.2.0 (x86_64-pc-linux-gnu)]
  ignore line: [	compiled by GNU C version 8.2.0  GMP version 6.1.0  MPFR version 3.1.4  MPC version 1.0.3  isl version isl-0.18-GMP]
  ignore line: []
  ignore line: [GGC heuristics: --param ggc-min-expand=100 --param ggc-min-heapsize=131072]
  ignore line: [ignoring nonexistent directory "/usr/local/python3.7.0/include/python3.7"]
  ignore line: [ignoring nonexistent directory "/usr/local/include/x86_64-linux-gnu"]
  ignore line: [ignoring nonexistent directory "/usr/local/gcc-8.2/lib/gcc/x86_64-pc-linux-gnu/8.2.0/../../../../x86_64-pc-linux-gnu/include"]
  ignore line: [#include "..." search starts here:]
  ignore line: [#include <...> search starts here:]
  ignore line: [ .]
  ignore line: [ /usr/local/gcc-8.2/lib/gcc/x86_64-pc-linux-gnu/8.2.0/../../../../include/c++/8.2.0]
  ignore line: [ /usr/local/gcc-8.2/lib/gcc/x86_64-pc-linux-gnu/8.2.0/../../../../include/c++/8.2.0/x86_64-pc-linux-gnu]
  ignore line: [ /usr/local/gcc-8.2/lib/gcc/x86_64-pc-linux-gnu/8.2.0/../../../../include/c++/8.2.0/backward]
  ignore line: [ /usr/local/gcc-8.2/lib/gcc/x86_64-pc-linux-gnu/8.2.0/include]
  ignore line: [ /usr/local/include]
  ignore line: [ /usr/local/gcc-8.2/include]
  ignore line: [ /usr/local/gcc-8.2/lib/gcc/x86_64-pc-linux-gnu/8.2.0/include-fixed]
  ignore line: [ /usr/include/x86_64-linux-gnu]
  ignore line: [ /usr/include]
  ignore line: [End of search list.]
  ignore line: [GNU C++14 (GCC) version 8.2.0 (x86_64-pc-linux-gnu)]
  ignore line: [	compiled by GNU C version 8.2.0  GMP version 6.1.0  MPFR version 3.1.4  MPC version 1.0.3  isl version isl-0.18-GMP]
  ignore line: []
  ignore line: [GGC heuristics: --param ggc-min-expand=100 --param ggc-min-heapsize=131072]
  ignore line: [Compiler executable checksum: 7d135433b0c74efc52bdfca490c15261]
  ignore line: [COLLECT_GCC_OPTIONS='-v' '-o' 'CMakeFiles/cmTC_56711.dir/CMakeCXXCompilerABI.cpp.o' '-c' '-shared-libgcc' '-mtune=generic' '-march=x86-64']
  ignore line: [ as -v --64 -o CMakeFiles/cmTC_56711.dir/CMakeCXXCompilerABI.cpp.o /tmp/ccFN9Vmx.s]
  ignore line: [GNU assembler version 2.27 (x86_64-pc-linux-gnu) using BFD version (GNU Binutils) 2.27]
  ignore line: [COMPILER_PATH=/usr/local/gcc-8.2/libexec/gcc/x86_64-pc-linux-gnu/8.2.0/:/usr/local/gcc-8.2/libexec/gcc/x86_64-pc-linux-gnu/8.2.0/:/usr/local/gcc-8.2/libexec/gcc/x86_64-pc-linux-gnu/:/usr/local/gcc-8.2/lib/gcc/x86_64-pc-linux-gnu/8.2.0/:/usr/local/gcc-8.2/lib/gcc/x86_64-pc-linux-gnu/]
  ignore line: [LIBRARY_PATH=/usr/local/gcc-8.2/lib/gcc/x86_64-pc-linux-gnu/8.2.0/:/usr/local/gcc-8.2/lib/gcc/x86_64-pc-linux-gnu/8.2.0/../../../../lib64/:/lib/x86_64-linux-gnu/:/lib/../lib64/:/usr/lib/x86_64-linux-gnu/:/usr/local/cuda/lib64/stubs/:/usr/local/gcc-8.2/lib/gcc/x86_64-pc-linux-gnu/8.2.0/../../../:/lib/:/usr/lib/]
  ignore line: [COLLECT_GCC_OPTIONS='-v' '-o' 'CMakeFiles/cmTC_56711.dir/CMakeCXXCompilerABI.cpp.o' '-c' '-shared-libgcc' '-mtune=generic' '-march=x86-64']
  ignore line: [Linking CXX executable cmTC_56711]
  ignore line: [/home/cmake-3.16.0-Linux-x86_64/bin/cmake -E cmake_link_script CMakeFiles/cmTC_56711.dir/link.txt --verbose=1]
  ignore line: [/usr/local/gcc-8.2/bin/c++      -v -rdynamic CMakeFiles/cmTC_56711.dir/CMakeCXXCompilerABI.cpp.o  -o cmTC_56711 ]
  ignore line: [Using built-in specs.]
  ignore line: [COLLECT_GCC=/usr/local/gcc-8.2/bin/c++]
  ignore line: [COLLECT_LTO_WRAPPER=/usr/local/gcc-8.2/libexec/gcc/x86_64-pc-linux-gnu/8.2.0/lto-wrapper]
  ignore line: [Target: x86_64-pc-linux-gnu]
  ignore line: [Configured with: ../gcc-8.2.0/configure --prefix=/usr/local/gcc-8.2 --enable-threads=posix --disable-checking --disable-multilib]
  ignore line: [Thread model: posix]
  ignore line: [gcc version 8.2.0 (GCC) ]
  ignore line: [COMPILER_PATH=/usr/local/gcc-8.2/libexec/gcc/x86_64-pc-linux-gnu/8.2.0/:/usr/local/gcc-8.2/libexec/gcc/x86_64-pc-linux-gnu/8.2.0/:/usr/local/gcc-8.2/libexec/gcc/x86_64-pc-linux-gnu/:/usr/local/gcc-8.2/lib/gcc/x86_64-pc-linux-gnu/8.2.0/:/usr/local/gcc-8.2/lib/gcc/x86_64-pc-linux-gnu/]
  ignore line: [LIBRARY_PATH=/usr/local/gcc-8.2/lib/gcc/x86_64-pc-linux-gnu/8.2.0/:/usr/local/gcc-8.2/lib/gcc/x86_64-pc-linux-gnu/8.2.0/../../../../lib64/:/lib/x86_64-linux-gnu/:/lib/../lib64/:/usr/lib/x86_64-linux-gnu/:/usr/local/cuda/lib64/stubs/:/usr/local/gcc-8.2/lib/gcc/x86_64-pc-linux-gnu/8.2.0/../../../:/lib/:/usr/lib/]
  ignore line: [COLLECT_GCC_OPTIONS='-v' '-rdynamic' '-o' 'cmTC_56711' '-shared-libgcc' '-mtune=generic' '-march=x86-64']
  link line: [ /usr/local/gcc-8.2/libexec/gcc/x86_64-pc-linux-gnu/8.2.0/collect2 -plugin /usr/local/gcc-8.2/libexec/gcc/x86_64-pc-linux-gnu/8.2.0/liblto_plugin.so -plugin-opt=/usr/local/gcc-8.2/libexec/gcc/x86_64-pc-linux-gnu/8.2.0/lto-wrapper -plugin-opt=-fresolution=/tmp/ccrXc6OD.res -plugin-opt=-pass-through=-lgcc_s -plugin-opt=-pass-through=-lgcc -plugin-opt=-pass-through=-lc -plugin-opt=-pass-through=-lgcc_s -plugin-opt=-pass-through=-lgcc --eh-frame-hdr -m elf_x86_64 -export-dynamic -dynamic-linker /lib64/ld-linux-x86-64.so.2 -o cmTC_56711 /usr/lib/x86_64-linux-gnu/crt1.o /usr/lib/x86_64-linux-gnu/crti.o /usr/local/gcc-8.2/lib/gcc/x86_64-pc-linux-gnu/8.2.0/crtbegin.o -L/usr/local/gcc-8.2/lib/gcc/x86_64-pc-linux-gnu/8.2.0 -L/usr/local/gcc-8.2/lib/gcc/x86_64-pc-linux-gnu/8.2.0/../../../../lib64 -L/lib/x86_64-linux-gnu -L/lib/../lib64 -L/usr/lib/x86_64-linux-gnu -L/usr/local/cuda/lib64/stubs -L/usr/local/gcc-8.2/lib/gcc/x86_64-pc-linux-gnu/8.2.0/../../.. CMakeFiles/cmTC_56711.dir/CMakeCXXCompilerABI.cpp.o -lstdc++ -lm -lgcc_s -lgcc -lc -lgcc_s -lgcc /usr/local/gcc-8.2/lib/gcc/x86_64-pc-linux-gnu/8.2.0/crtend.o /usr/lib/x86_64-linux-gnu/crtn.o]
    arg [/usr/local/gcc-8.2/libexec/gcc/x86_64-pc-linux-gnu/8.2.0/collect2] ==> ignore
    arg [-plugin] ==> ignore
    arg [/usr/local/gcc-8.2/libexec/gcc/x86_64-pc-linux-gnu/8.2.0/liblto_plugin.so] ==> ignore
    arg [-plugin-opt=/usr/local/gcc-8.2/libexec/gcc/x86_64-pc-linux-gnu/8.2.0/lto-wrapper] ==> ignore
    arg [-plugin-opt=-fresolution=/tmp/ccrXc6OD.res] ==> ignore
    arg [-plugin-opt=-pass-through=-lgcc_s] ==> ignore
    arg [-plugin-opt=-pass-through=-lgcc] ==> ignore
    arg [-plugin-opt=-pass-through=-lc] ==> ignore
    arg [-plugin-opt=-pass-through=-lgcc_s] ==> ignore
    arg [-plugin-opt=-pass-through=-lgcc] ==> ignore
    arg [--eh-frame-hdr] ==> ignore
    arg [-m] ==> ignore
    arg [elf_x86_64] ==> ignore
    arg [-export-dynamic] ==> ignore
    arg [-dynamic-linker] ==> ignore
    arg [/lib64/ld-linux-x86-64.so.2] ==> ignore
    arg [-o] ==> ignore
    arg [cmTC_56711] ==> ignore
    arg [/usr/lib/x86_64-linux-gnu/crt1.o] ==> ignore
    arg [/usr/lib/x86_64-linux-gnu/crti.o] ==> ignore
    arg [/usr/local/gcc-8.2/lib/gcc/x86_64-pc-linux-gnu/8.2.0/crtbegin.o] ==> ignore
    arg [-L/usr/local/gcc-8.2/lib/gcc/x86_64-pc-linux-gnu/8.2.0] ==> dir [/usr/local/gcc-8.2/lib/gcc/x86_64-pc-linux-gnu/8.2.0]
    arg [-L/usr/local/gcc-8.2/lib/gcc/x86_64-pc-linux-gnu/8.2.0/../../../../lib64] ==> dir [/usr/local/gcc-8.2/lib/gcc/x86_64-pc-linux-gnu/8.2.0/../../../../lib64]
    arg [-L/lib/x86_64-linux-gnu] ==> dir [/lib/x86_64-linux-gnu]
    arg [-L/lib/../lib64] ==> dir [/lib/../lib64]
    arg [-L/usr/lib/x86_64-linux-gnu] ==> dir [/usr/lib/x86_64-linux-gnu]
    arg [-L/usr/local/cuda/lib64/stubs] ==> dir [/usr/local/cuda/lib64/stubs]
    arg [-L/usr/local/gcc-8.2/lib/gcc/x86_64-pc-linux-gnu/8.2.0/../../..] ==> dir [/usr/local/gcc-8.2/lib/gcc/x86_64-pc-linux-gnu/8.2.0/../../..]
    arg [CMakeFiles/cmTC_56711.dir/CMakeCXXCompilerABI.cpp.o] ==> ignore
    arg [-lstdc++] ==> lib [stdc++]
    arg [-lm] ==> lib [m]
    arg [-lgcc_s] ==> lib [gcc_s]
    arg [-lgcc] ==> lib [gcc]
    arg [-lc] ==> lib [c]
    arg [-lgcc_s] ==> lib [gcc_s]
    arg [-lgcc] ==> lib [gcc]
    arg [/usr/local/gcc-8.2/lib/gcc/x86_64-pc-linux-gnu/8.2.0/crtend.o] ==> ignore
    arg [/usr/lib/x86_64-linux-gnu/crtn.o] ==> ignore
  collapse library dir [/usr/local/gcc-8.2/lib/gcc/x86_64-pc-linux-gnu/8.2.0] ==> [/usr/local/gcc-8.2/lib/gcc/x86_64-pc-linux-gnu/8.2.0]
  collapse library dir [/usr/local/gcc-8.2/lib/gcc/x86_64-pc-linux-gnu/8.2.0/../../../../lib64] ==> [/usr/local/gcc-8.2/lib64]
  collapse library dir [/lib/x86_64-linux-gnu] ==> [/lib/x86_64-linux-gnu]
  collapse library dir [/lib/../lib64] ==> [/lib64]
  collapse library dir [/usr/lib/x86_64-linux-gnu] ==> [/usr/lib/x86_64-linux-gnu]
  collapse library dir [/usr/local/cuda/lib64/stubs] ==> [/usr/local/cuda/lib64/stubs]
  collapse library dir [/usr/local/gcc-8.2/lib/gcc/x86_64-pc-linux-gnu/8.2.0/../../..] ==> [/usr/local/gcc-8.2/lib]
  implicit libs: [stdc++;m;gcc_s;gcc;c;gcc_s;gcc]
  implicit dirs: [/usr/local/gcc-8.2/lib/gcc/x86_64-pc-linux-gnu/8.2.0;/usr/local/gcc-8.2/lib64;/lib/x86_64-linux-gnu;/lib64;/usr/lib/x86_64-linux-gnu;/usr/local/cuda/lib64/stubs;/usr/local/gcc-8.2/lib]
  implicit fwks: []


Determining if the C compiler works passed with the following output:
Change Dir: /home/les/MyCode/PyCode/pointpillisars_local/deploy/pointpillars/cpp/build/CMakeFiles/CMakeTmp

Run Build Command(s):/usr/bin/make cmTC_6138b/fast && /usr/bin/make -f CMakeFiles/cmTC_6138b.dir/build.make CMakeFiles/cmTC_6138b.dir/build
make[1]: Entering directory '/home/les/MyCode/PyCode/pointpillisars_local/deploy/pointpillars/cpp/build/CMakeFiles/CMakeTmp'
Building C object CMakeFiles/cmTC_6138b.dir/testCCompiler.c.o
/usr/local/gcc-8.2/bin/gcc    -o CMakeFiles/cmTC_6138b.dir/testCCompiler.c.o   -c /home/les/MyCode/PyCode/pointpillisars_local/deploy/pointpillars/cpp/build/CMakeFiles/CMakeTmp/testCCompiler.c
Linking C executable cmTC_6138b
/home/cmake-3.16.0-Linux-x86_64/bin/cmake -E cmake_link_script CMakeFiles/cmTC_6138b.dir/link.txt --verbose=1
/usr/local/gcc-8.2/bin/gcc      -rdynamic CMakeFiles/cmTC_6138b.dir/testCCompiler.c.o  -o cmTC_6138b 
make[1]: Leaving directory '/home/les/MyCode/PyCode/pointpillisars_local/deploy/pointpillars/cpp/build/CMakeFiles/CMakeTmp'



Detecting C compiler ABI info compiled with the following output:
Change Dir: /home/les/MyCode/PyCode/pointpillisars_local/deploy/pointpillars/cpp/build/CMakeFiles/CMakeTmp

Run Build Command(s):/usr/bin/make cmTC_60d16/fast && /usr/bin/make -f CMakeFiles/cmTC_60d16.dir/build.make CMakeFiles/cmTC_60d16.dir/build
make[1]: Entering directory '/home/les/MyCode/PyCode/pointpillisars_local/deploy/pointpillars/cpp/build/CMakeFiles/CMakeTmp'
Building C object CMakeFiles/cmTC_60d16.dir/CMakeCCompilerABI.c.o
/usr/local/gcc-8.2/bin/gcc   -v -o CMakeFiles/cmTC_60d16.dir/CMakeCCompilerABI.c.o   -c /home/cmake-3.16.0-Linux-x86_64/share/cmake-3.16/Modules/CMakeCCompilerABI.c
Using built-in specs.
COLLECT_GCC=/usr/local/gcc-8.2/bin/gcc
Target: x86_64-pc-linux-gnu
Configured with: ../gcc-8.2.0/configure --prefix=/usr/local/gcc-8.2 --enable-threads=posix --disable-checking --disable-multilib
Thread model: posix
gcc version 8.2.0 (GCC) 
COLLECT_GCC_OPTIONS='-v' '-o' 'CMakeFiles/cmTC_60d16.dir/CMakeCCompilerABI.c.o' '-c' '-mtune=generic' '-march=x86-64'
 /usr/local/gcc-8.2/libexec/gcc/x86_64-pc-linux-gnu/8.2.0/cc1 -quiet -v -imultiarch x86_64-linux-gnu /home/cmake-3.16.0-Linux-x86_64/share/cmake-3.16/Modules/CMakeCCompilerABI.c -quiet -dumpbase CMakeCCompilerABI.c -mtune=generic -march=x86-64 -auxbase-strip CMakeFiles/cmTC_60d16.dir/CMakeCCompilerABI.c.o -version -o /tmp/ccymjhQG.s
GNU C17 (GCC) version 8.2.0 (x86_64-pc-linux-gnu)
	compiled by GNU C version 8.2.0, GMP version 6.1.0, MPFR version 3.1.4, MPC version 1.0.3, isl version isl-0.18-GMP

GGC heuristics: --param ggc-min-expand=100 --param ggc-min-heapsize=131072
ignoring nonexistent directory "/usr/local/include/x86_64-linux-gnu"
ignoring nonexistent directory "/usr/local/gcc-8.2/lib/gcc/x86_64-pc-linux-gnu/8.2.0/../../../../x86_64-pc-linux-gnu/include"
#include "..." search starts here:
#include <...> search starts here:
 /usr/local/gcc-8.2/lib/gcc/x86_64-pc-linux-gnu/8.2.0/include
 /usr/local/include
 /usr/local/gcc-8.2/include
 /usr/local/gcc-8.2/lib/gcc/x86_64-pc-linux-gnu/8.2.0/include-fixed
 /usr/include/x86_64-linux-gnu
 /usr/include
End of search list.
GNU C17 (GCC) version 8.2.0 (x86_64-pc-linux-gnu)
	compiled by GNU C version 8.2.0, GMP version 6.1.0, MPFR version 3.1.4, MPC version 1.0.3, isl version isl-0.18-GMP

GGC heuristics: --param ggc-min-expand=100 --param ggc-min-heapsize=131072
Compiler executable checksum: 1314b0d756a7922e6c71010c99050bb0
COLLECT_GCC_OPTIONS='-v' '-o' 'CMakeFiles/cmTC_60d16.dir/CMakeCCompilerABI.c.o' '-c' '-mtune=generic' '-march=x86-64'
 as -v --64 -o CMakeFiles/cmTC_60d16.dir/CMakeCCompilerABI.c.o /tmp/ccymjhQG.s
GNU assembler version 2.27 (x86_64-pc-linux-gnu) using BFD version (GNU Binutils) 2.27
COMPILER_PATH=/usr/local/gcc-8.2/libexec/gcc/x86_64-pc-linux-gnu/8.2.0/:/usr/local/gcc-8.2/libexec/gcc/x86_64-pc-linux-gnu/8.2.0/:/usr/local/gcc-8.2/libexec/gcc/x86_64-pc-linux-gnu/:/usr/local/gcc-8.2/lib/gcc/x86_64-pc-linux-gnu/8.2.0/:/usr/local/gcc-8.2/lib/gcc/x86_64-pc-linux-gnu/
LIBRARY_PATH=/usr/local/gcc-8.2/lib/gcc/x86_64-pc-linux-gnu/8.2.0/:/usr/local/gcc-8.2/lib/gcc/x86_64-pc-linux-gnu/8.2.0/../../../../lib64/:/lib/x86_64-linux-gnu/:/lib/../lib64/:/usr/lib/x86_64-linux-gnu/:/usr/local/cuda/lib64/stubs/:/usr/local/gcc-8.2/lib/gcc/x86_64-pc-linux-gnu/8.2.0/../../../:/lib/:/usr/lib/
COLLECT_GCC_OPTIONS='-v' '-o' 'CMakeFiles/cmTC_60d16.dir/CMakeCCompilerABI.c.o' '-c' '-mtune=generic' '-march=x86-64'
Linking C executable cmTC_60d16
/home/cmake-3.16.0-Linux-x86_64/bin/cmake -E cmake_link_script CMakeFiles/cmTC_60d16.dir/link.txt --verbose=1
/usr/local/gcc-8.2/bin/gcc     -v -rdynamic CMakeFiles/cmTC_60d16.dir/CMakeCCompilerABI.c.o  -o cmTC_60d16 
Using built-in specs.
COLLECT_GCC=/usr/local/gcc-8.2/bin/gcc
COLLECT_LTO_WRAPPER=/usr/local/gcc-8.2/libexec/gcc/x86_64-pc-linux-gnu/8.2.0/lto-wrapper
Target: x86_64-pc-linux-gnu
Configured with: ../gcc-8.2.0/configure --prefix=/usr/local/gcc-8.2 --enable-threads=posix --disable-checking --disable-multilib
Thread model: posix
gcc version 8.2.0 (GCC) 
COMPILER_PATH=/usr/local/gcc-8.2/libexec/gcc/x86_64-pc-linux-gnu/8.2.0/:/usr/local/gcc-8.2/libexec/gcc/x86_64-pc-linux-gnu/8.2.0/:/usr/local/gcc-8.2/libexec/gcc/x86_64-pc-linux-gnu/:/usr/local/gcc-8.2/lib/gcc/x86_64-pc-linux-gnu/8.2.0/:/usr/local/gcc-8.2/lib/gcc/x86_64-pc-linux-gnu/
LIBRARY_PATH=/usr/local/gcc-8.2/lib/gcc/x86_64-pc-linux-gnu/8.2.0/:/usr/local/gcc-8.2/lib/gcc/x86_64-pc-linux-gnu/8.2.0/../../../../lib64/:/lib/x86_64-linux-gnu/:/lib/../lib64/:/usr/lib/x86_64-linux-gnu/:/usr/local/cuda/lib64/stubs/:/usr/local/gcc-8.2/lib/gcc/x86_64-pc-linux-gnu/8.2.0/../../../:/lib/:/usr/lib/
COLLECT_GCC_OPTIONS='-v' '-rdynamic' '-o' 'cmTC_60d16' '-mtune=generic' '-march=x86-64'
 /usr/local/gcc-8.2/libexec/gcc/x86_64-pc-linux-gnu/8.2.0/collect2 -plugin /usr/local/gcc-8.2/libexec/gcc/x86_64-pc-linux-gnu/8.2.0/liblto_plugin.so -plugin-opt=/usr/local/gcc-8.2/libexec/gcc/x86_64-pc-linux-gnu/8.2.0/lto-wrapper -plugin-opt=-fresolution=/tmp/ccCXcaqJ.res -plugin-opt=-pass-through=-lgcc -plugin-opt=-pass-through=-lgcc_s -plugin-opt=-pass-through=-lc -plugin-opt=-pass-through=-lgcc -plugin-opt=-pass-through=-lgcc_s --eh-frame-hdr -m elf_x86_64 -export-dynamic -dynamic-linker /lib64/ld-linux-x86-64.so.2 -o cmTC_60d16 /usr/lib/x86_64-linux-gnu/crt1.o /usr/lib/x86_64-linux-gnu/crti.o /usr/local/gcc-8.2/lib/gcc/x86_64-pc-linux-gnu/8.2.0/crtbegin.o -L/usr/local/gcc-8.2/lib/gcc/x86_64-pc-linux-gnu/8.2.0 -L/usr/local/gcc-8.2/lib/gcc/x86_64-pc-linux-gnu/8.2.0/../../../../lib64 -L/lib/x86_64-linux-gnu -L/lib/../lib64 -L/usr/lib/x86_64-linux-gnu -L/usr/local/cuda/lib64/stubs -L/usr/local/gcc-8.2/lib/gcc/x86_64-pc-linux-gnu/8.2.0/../../.. CMakeFiles/cmTC_60d16.dir/CMakeCCompilerABI.c.o -lgcc --as-needed -lgcc_s --no-as-needed -lc -lgcc --as-needed -lgcc_s --no-as-needed /usr/local/gcc-8.2/lib/gcc/x86_64-pc-linux-gnu/8.2.0/crtend.o /usr/lib/x86_64-linux-gnu/crtn.o
COLLECT_GCC_OPTIONS='-v' '-rdynamic' '-o' 'cmTC_60d16' '-mtune=generic' '-march=x86-64'
make[1]: Leaving directory '/home/les/MyCode/PyCode/pointpillisars_local/deploy/pointpillars/cpp/build/CMakeFiles/CMakeTmp'



Parsed C implicit include dir info from above output: rv=done
  found start of include info
  found start of implicit include info
    add: [/usr/local/gcc-8.2/lib/gcc/x86_64-pc-linux-gnu/8.2.0/include]
    add: [/usr/local/include]
    add: [/usr/local/gcc-8.2/include]
    add: [/usr/local/gcc-8.2/lib/gcc/x86_64-pc-linux-gnu/8.2.0/include-fixed]
    add: [/usr/include/x86_64-linux-gnu]
    add: [/usr/include]
  end of search list found
  collapse include dir [/usr/local/gcc-8.2/lib/gcc/x86_64-pc-linux-gnu/8.2.0/include] ==> [/usr/local/gcc-8.2/lib/gcc/x86_64-pc-linux-gnu/8.2.0/include]
  collapse include dir [/usr/local/include] ==> [/usr/local/include]
  collapse include dir [/usr/local/gcc-8.2/include] ==> [/usr/local/gcc-8.2/include]
  collapse include dir [/usr/local/gcc-8.2/lib/gcc/x86_64-pc-linux-gnu/8.2.0/include-fixed] ==> [/usr/local/gcc-8.2/lib/gcc/x86_64-pc-linux-gnu/8.2.0/include-fixed]
  collapse include dir [/usr/include/x86_64-linux-gnu] ==> [/usr/include/x86_64-linux-gnu]
  collapse include dir [/usr/include] ==> [/usr/include]
  implicit include dirs: [/usr/local/gcc-8.2/lib/gcc/x86_64-pc-linux-gnu/8.2.0/include;/usr/local/include;/usr/local/gcc-8.2/include;/usr/local/gcc-8.2/lib/gcc/x86_64-pc-linux-gnu/8.2.0/include-fixed;/usr/include/x86_64-linux-gnu;/usr/include]


Parsed C implicit link information from above output:
  link line regex: [^( *|.*[/\])(ld|CMAKE_LINK_STARTFILE-NOTFOUND|([^/\]+-)?ld|collect2)[^/\]*( |$)]
  ignore line: [Change Dir: /home/les/MyCode/PyCode/pointpillisars_local/deploy/pointpillars/cpp/build/CMakeFiles/CMakeTmp]
  ignore line: []
  ignore line: [Run Build Command(s):/usr/bin/make cmTC_60d16/fast && /usr/bin/make -f CMakeFiles/cmTC_60d16.dir/build.make CMakeFiles/cmTC_60d16.dir/build]
  ignore line: [make[1]: Entering directory '/home/les/MyCode/PyCode/pointpillisars_local/deploy/pointpillars/cpp/build/CMakeFiles/CMakeTmp']
  ignore line: [Building C object CMakeFiles/cmTC_60d16.dir/CMakeCCompilerABI.c.o]
  ignore line: [/usr/local/gcc-8.2/bin/gcc   -v -o CMakeFiles/cmTC_60d16.dir/CMakeCCompilerABI.c.o   -c /home/cmake-3.16.0-Linux-x86_64/share/cmake-3.16/Modules/CMakeCCompilerABI.c]
  ignore line: [Using built-in specs.]
  ignore line: [COLLECT_GCC=/usr/local/gcc-8.2/bin/gcc]
  ignore line: [Target: x86_64-pc-linux-gnu]
  ignore line: [Configured with: ../gcc-8.2.0/configure --prefix=/usr/local/gcc-8.2 --enable-threads=posix --disable-checking --disable-multilib]
  ignore line: [Thread model: posix]
  ignore line: [gcc version 8.2.0 (GCC) ]
  ignore line: [COLLECT_GCC_OPTIONS='-v' '-o' 'CMakeFiles/cmTC_60d16.dir/CMakeCCompilerABI.c.o' '-c' '-mtune=generic' '-march=x86-64']
  ignore line: [ /usr/local/gcc-8.2/libexec/gcc/x86_64-pc-linux-gnu/8.2.0/cc1 -quiet -v -imultiarch x86_64-linux-gnu /home/cmake-3.16.0-Linux-x86_64/share/cmake-3.16/Modules/CMakeCCompilerABI.c -quiet -dumpbase CMakeCCompilerABI.c -mtune=generic -march=x86-64 -auxbase-strip CMakeFiles/cmTC_60d16.dir/CMakeCCompilerABI.c.o -version -o /tmp/ccymjhQG.s]
  ignore line: [GNU C17 (GCC) version 8.2.0 (x86_64-pc-linux-gnu)]
  ignore line: [	compiled by GNU C version 8.2.0  GMP version 6.1.0  MPFR version 3.1.4  MPC version 1.0.3  isl version isl-0.18-GMP]
  ignore line: []
  ignore line: [GGC heuristics: --param ggc-min-expand=100 --param ggc-min-heapsize=131072]
  ignore line: [ignoring nonexistent directory "/usr/local/include/x86_64-linux-gnu"]
  ignore line: [ignoring nonexistent directory "/usr/local/gcc-8.2/lib/gcc/x86_64-pc-linux-gnu/8.2.0/../../../../x86_64-pc-linux-gnu/include"]
  ignore line: [#include "..." search starts here:]
  ignore line: [#include <...> search starts here:]
  ignore line: [ /usr/local/gcc-8.2/lib/gcc/x86_64-pc-linux-gnu/8.2.0/include]
  ignore line: [ /usr/local/include]
  ignore line: [ /usr/local/gcc-8.2/include]
  ignore line: [ /usr/local/gcc-8.2/lib/gcc/x86_64-pc-linux-gnu/8.2.0/include-fixed]
  ignore line: [ /usr/include/x86_64-linux-gnu]
  ignore line: [ /usr/include]
  ignore line: [End of search list.]
  ignore line: [GNU C17 (GCC) version 8.2.0 (x86_64-pc-linux-gnu)]
  ignore line: [	compiled by GNU C version 8.2.0  GMP version 6.1.0  MPFR version 3.1.4  MPC version 1.0.3  isl version isl-0.18-GMP]
  ignore line: []
  ignore line: [GGC heuristics: --param ggc-min-expand=100 --param ggc-min-heapsize=131072]
  ignore line: [Compiler executable checksum: 1314b0d756a7922e6c71010c99050bb0]
  ignore line: [COLLECT_GCC_OPTIONS='-v' '-o' 'CMakeFiles/cmTC_60d16.dir/CMakeCCompilerABI.c.o' '-c' '-mtune=generic' '-march=x86-64']
  ignore line: [ as -v --64 -o CMakeFiles/cmTC_60d16.dir/CMakeCCompilerABI.c.o /tmp/ccymjhQG.s]
  ignore line: [GNU assembler version 2.27 (x86_64-pc-linux-gnu) using BFD version (GNU Binutils) 2.27]
  ignore line: [COMPILER_PATH=/usr/local/gcc-8.2/libexec/gcc/x86_64-pc-linux-gnu/8.2.0/:/usr/local/gcc-8.2/libexec/gcc/x86_64-pc-linux-gnu/8.2.0/:/usr/local/gcc-8.2/libexec/gcc/x86_64-pc-linux-gnu/:/usr/local/gcc-8.2/lib/gcc/x86_64-pc-linux-gnu/8.2.0/:/usr/local/gcc-8.2/lib/gcc/x86_64-pc-linux-gnu/]
  ignore line: [LIBRARY_PATH=/usr/local/gcc-8.2/lib/gcc/x86_64-pc-linux-gnu/8.2.0/:/usr/local/gcc-8.2/lib/gcc/x86_64-pc-linux-gnu/8.2.0/../../../../lib64/:/lib/x86_64-linux-gnu/:/lib/../lib64/:/usr/lib/x86_64-linux-gnu/:/usr/local/cuda/lib64/stubs/:/usr/local/gcc-8.2/lib/gcc/x86_64-pc-linux-gnu/8.2.0/../../../:/lib/:/usr/lib/]
  ignore line: [COLLECT_GCC_OPTIONS='-v' '-o' 'CMakeFiles/cmTC_60d16.dir/CMakeCCompilerABI.c.o' '-c' '-mtune=generic' '-march=x86-64']
  ignore line: [Linking C executable cmTC_60d16]
  ignore line: [/home/cmake-3.16.0-Linux-x86_64/bin/cmake -E cmake_link_script CMakeFiles/cmTC_60d16.dir/link.txt --verbose=1]
  ignore line: [/usr/local/gcc-8.2/bin/gcc     -v -rdynamic CMakeFiles/cmTC_60d16.dir/CMakeCCompilerABI.c.o  -o cmTC_60d16 ]
  ignore line: [Using built-in specs.]
  ignore line: [COLLECT_GCC=/usr/local/gcc-8.2/bin/gcc]
  ignore line: [COLLECT_LTO_WRAPPER=/usr/local/gcc-8.2/libexec/gcc/x86_64-pc-linux-gnu/8.2.0/lto-wrapper]
  ignore line: [Target: x86_64-pc-linux-gnu]
  ignore line: [Configured with: ../gcc-8.2.0/configure --prefix=/usr/local/gcc-8.2 --enable-threads=posix --disable-checking --disable-multilib]
  ignore line: [Thread model: posix]
  ignore line: [gcc version 8.2.0 (GCC) ]
  ignore line: [COMPILER_PATH=/usr/local/gcc-8.2/libexec/gcc/x86_64-pc-linux-gnu/8.2.0/:/usr/local/gcc-8.2/libexec/gcc/x86_64-pc-linux-gnu/8.2.0/:/usr/local/gcc-8.2/libexec/gcc/x86_64-pc-linux-gnu/:/usr/local/gcc-8.2/lib/gcc/x86_64-pc-linux-gnu/8.2.0/:/usr/local/gcc-8.2/lib/gcc/x86_64-pc-linux-gnu/]
  ignore line: [LIBRARY_PATH=/usr/local/gcc-8.2/lib/gcc/x86_64-pc-linux-gnu/8.2.0/:/usr/local/gcc-8.2/lib/gcc/x86_64-pc-linux-gnu/8.2.0/../../../../lib64/:/lib/x86_64-linux-gnu/:/lib/../lib64/:/usr/lib/x86_64-linux-gnu/:/usr/local/cuda/lib64/stubs/:/usr/local/gcc-8.2/lib/gcc/x86_64-pc-linux-gnu/8.2.0/../../../:/lib/:/usr/lib/]
  ignore line: [COLLECT_GCC_OPTIONS='-v' '-rdynamic' '-o' 'cmTC_60d16' '-mtune=generic' '-march=x86-64']
  link line: [ /usr/local/gcc-8.2/libexec/gcc/x86_64-pc-linux-gnu/8.2.0/collect2 -plugin /usr/local/gcc-8.2/libexec/gcc/x86_64-pc-linux-gnu/8.2.0/liblto_plugin.so -plugin-opt=/usr/local/gcc-8.2/libexec/gcc/x86_64-pc-linux-gnu/8.2.0/lto-wrapper -plugin-opt=-fresolution=/tmp/ccCXcaqJ.res -plugin-opt=-pass-through=-lgcc -plugin-opt=-pass-through=-lgcc_s -plugin-opt=-pass-through=-lc -plugin-opt=-pass-through=-lgcc -plugin-opt=-pass-through=-lgcc_s --eh-frame-hdr -m elf_x86_64 -export-dynamic -dynamic-linker /lib64/ld-linux-x86-64.so.2 -o cmTC_60d16 /usr/lib/x86_64-linux-gnu/crt1.o /usr/lib/x86_64-linux-gnu/crti.o /usr/local/gcc-8.2/lib/gcc/x86_64-pc-linux-gnu/8.2.0/crtbegin.o -L/usr/local/gcc-8.2/lib/gcc/x86_64-pc-linux-gnu/8.2.0 -L/usr/local/gcc-8.2/lib/gcc/x86_64-pc-linux-gnu/8.2.0/../../../../lib64 -L/lib/x86_64-linux-gnu -L/lib/../lib64 -L/usr/lib/x86_64-linux-gnu -L/usr/local/cuda/lib64/stubs -L/usr/local/gcc-8.2/lib/gcc/x86_64-pc-linux-gnu/8.2.0/../../.. CMakeFiles/cmTC_60d16.dir/CMakeCCompilerABI.c.o -lgcc --as-needed -lgcc_s --no-as-needed -lc -lgcc --as-needed -lgcc_s --no-as-needed /usr/local/gcc-8.2/lib/gcc/x86_64-pc-linux-gnu/8.2.0/crtend.o /usr/lib/x86_64-linux-gnu/crtn.o]
    arg [/usr/local/gcc-8.2/libexec/gcc/x86_64-pc-linux-gnu/8.2.0/collect2] ==> ignore
    arg [-plugin] ==> ignore
    arg [/usr/local/gcc-8.2/libexec/gcc/x86_64-pc-linux-gnu/8.2.0/liblto_plugin.so] ==> ignore
    arg [-plugin-opt=/usr/local/gcc-8.2/libexec/gcc/x86_64-pc-linux-gnu/8.2.0/lto-wrapper] ==> ignore
    arg [-plugin-opt=-fresolution=/tmp/ccCXcaqJ.res] ==> ignore
    arg [-plugin-opt=-pass-through=-lgcc] ==> ignore
    arg [-plugin-opt=-pass-through=-lgcc_s] ==> ignore
    arg [-plugin-opt=-pass-through=-lc] ==> ignore
    arg [-plugin-opt=-pass-through=-lgcc] ==> ignore
    arg [-plugin-opt=-pass-through=-lgcc_s] ==> ignore
    arg [--eh-frame-hdr] ==> ignore
    arg [-m] ==> ignore
    arg [elf_x86_64] ==> ignore
    arg [-export-dynamic] ==> ignore
    arg [-dynamic-linker] ==> ignore
    arg [/lib64/ld-linux-x86-64.so.2] ==> ignore
    arg [-o] ==> ignore
    arg [cmTC_60d16] ==> ignore
    arg [/usr/lib/x86_64-linux-gnu/crt1.o] ==> ignore
    arg [/usr/lib/x86_64-linux-gnu/crti.o] ==> ignore
    arg [/usr/local/gcc-8.2/lib/gcc/x86_64-pc-linux-gnu/8.2.0/crtbegin.o] ==> ignore
    arg [-L/usr/local/gcc-8.2/lib/gcc/x86_64-pc-linux-gnu/8.2.0] ==> dir [/usr/local/gcc-8.2/lib/gcc/x86_64-pc-linux-gnu/8.2.0]
    arg [-L/usr/local/gcc-8.2/lib/gcc/x86_64-pc-linux-gnu/8.2.0/../../../../lib64] ==> dir [/usr/local/gcc-8.2/lib/gcc/x86_64-pc-linux-gnu/8.2.0/../../../../lib64]
    arg [-L/lib/x86_64-linux-gnu] ==> dir [/lib/x86_64-linux-gnu]
    arg [-L/lib/../lib64] ==> dir [/lib/../lib64]
    arg [-L/usr/lib/x86_64-linux-gnu] ==> dir [/usr/lib/x86_64-linux-gnu]
    arg [-L/usr/local/cuda/lib64/stubs] ==> dir [/usr/local/cuda/lib64/stubs]
    arg [-L/usr/local/gcc-8.2/lib/gcc/x86_64-pc-linux-gnu/8.2.0/../../..] ==> dir [/usr/local/gcc-8.2/lib/gcc/x86_64-pc-linux-gnu/8.2.0/../../..]
    arg [CMakeFiles/cmTC_60d16.dir/CMakeCCompilerABI.c.o] ==> ignore
    arg [-lgcc] ==> lib [gcc]
    arg [--as-needed] ==> ignore
    arg [-lgcc_s] ==> lib [gcc_s]
    arg [--no-as-needed] ==> ignore
    arg [-lc] ==> lib [c]
    arg [-lgcc] ==> lib [gcc]
    arg [--as-needed] ==> ignore
    arg [-lgcc_s] ==> lib [gcc_s]
    arg [--no-as-needed] ==> ignore
    arg [/usr/local/gcc-8.2/lib/gcc/x86_64-pc-linux-gnu/8.2.0/crtend.o] ==> ignore
    arg [/usr/lib/x86_64-linux-gnu/crtn.o] ==> ignore
  collapse library dir [/usr/local/gcc-8.2/lib/gcc/x86_64-pc-linux-gnu/8.2.0] ==> [/usr/local/gcc-8.2/lib/gcc/x86_64-pc-linux-gnu/8.2.0]
  collapse library dir [/usr/local/gcc-8.2/lib/gcc/x86_64-pc-linux-gnu/8.2.0/../../../../lib64] ==> [/usr/local/gcc-8.2/lib64]
  collapse library dir [/lib/x86_64-linux-gnu] ==> [/lib/x86_64-linux-gnu]
  collapse library dir [/lib/../lib64] ==> [/lib64]
  collapse library dir [/usr/lib/x86_64-linux-gnu] ==> [/usr/lib/x86_64-linux-gnu]
  collapse library dir [/usr/local/cuda/lib64/stubs] ==> [/usr/local/cuda/lib64/stubs]
  collapse library dir [/usr/local/gcc-8.2/lib/gcc/x86_64-pc-linux-gnu/8.2.0/../../..] ==> [/usr/local/gcc-8.2/lib]
  implicit libs: [gcc;gcc_s;c;gcc;gcc_s]
  implicit dirs: [/usr/local/gcc-8.2/lib/gcc/x86_64-pc-linux-gnu/8.2.0;/usr/local/gcc-8.2/lib64;/lib/x86_64-linux-gnu;/lib64;/usr/lib/x86_64-linux-gnu;/usr/local/cuda/lib64/stubs;/usr/local/gcc-8.2/lib]
  implicit fwks: []


Determining if the include file pthread.h exists passed with the following output:
Change Dir: /home/les/MyCode/PyCode/pointpillisars_local/deploy/pointpillars/cpp/build/CMakeFiles/CMakeTmp

Run Build Command(s):/usr/bin/make cmTC_b2f26/fast && /usr/bin/make -f CMakeFiles/cmTC_b2f26.dir/build.make CMakeFiles/cmTC_b2f26.dir/build
make[1]: Entering directory '/home/les/MyCode/PyCode/pointpillisars_local/deploy/pointpillars/cpp/build/CMakeFiles/CMakeTmp'
Building C object CMakeFiles/cmTC_b2f26.dir/CheckIncludeFile.c.o
/usr/local/gcc-8.2/bin/gcc   -fPIC    -o CMakeFiles/cmTC_b2f26.dir/CheckIncludeFile.c.o   -c /home/les/MyCode/PyCode/pointpillisars_local/deploy/pointpillars/cpp/build/CMakeFiles/CMakeTmp/CheckIncludeFile.c
Linking C executable cmTC_b2f26
/home/cmake-3.16.0-Linux-x86_64/bin/cmake -E cmake_link_script CMakeFiles/cmTC_b2f26.dir/link.txt --verbose=1
/usr/local/gcc-8.2/bin/gcc -fPIC     -rdynamic CMakeFiles/cmTC_b2f26.dir/CheckIncludeFile.c.o  -o cmTC_b2f26 
make[1]: Leaving directory '/home/les/MyCode/PyCode/pointpillisars_local/deploy/pointpillars/cpp/build/CMakeFiles/CMakeTmp'



Determining if the function pthread_create exists in the pthread passed with the following output:
Change Dir: /home/les/MyCode/PyCode/pointpillisars_local/deploy/pointpillars/cpp/build/CMakeFiles/CMakeTmp

Run Build Command(s):/usr/bin/make cmTC_fe05f/fast && /usr/bin/make -f CMakeFiles/cmTC_fe05f.dir/build.make CMakeFiles/cmTC_fe05f.dir/build
make[1]: Entering directory '/home/les/MyCode/PyCode/pointpillisars_local/deploy/pointpillars/cpp/build/CMakeFiles/CMakeTmp'
Building C object CMakeFiles/cmTC_fe05f.dir/CheckFunctionExists.c.o
/usr/local/gcc-8.2/bin/gcc   -fPIC -DCHECK_FUNCTION_EXISTS=pthread_create   -o CMakeFiles/cmTC_fe05f.dir/CheckFunctionExists.c.o   -c /home/cmake-3.16.0-Linux-x86_64/share/cmake-3.16/Modules/CheckFunctionExists.c
Linking C executable cmTC_fe05f
/home/cmake-3.16.0-Linux-x86_64/bin/cmake -E cmake_link_script CMakeFiles/cmTC_fe05f.dir/link.txt --verbose=1
/usr/local/gcc-8.2/bin/gcc -fPIC -DCHECK_FUNCTION_EXISTS=pthread_create    -rdynamic CMakeFiles/cmTC_fe05f.dir/CheckFunctionExists.c.o  -o cmTC_fe05f  -lpthread 
make[1]: Leaving directory '/home/les/MyCode/PyCode/pointpillisars_local/deploy/pointpillars/cpp/build/CMakeFiles/CMakeTmp'



