Performing C SOURCE FILE Test CMAKE_HAVE_LIBC_PTHREAD failed with the following output:
Change Dir: /home/les/MyCode/PyCode/pointpillisars_local/deploy/pointpillars/cpp/build/CMakeFiles/CMakeTmp

Run Build Command(s):/usr/bin/make cmTC_c7152/fast && /usr/bin/make -f CMakeFiles/cmTC_c7152.dir/build.make CMakeFiles/cmTC_c7152.dir/build
make[1]: Entering directory '/home/les/MyCode/PyCode/pointpillisars_local/deploy/pointpillars/cpp/build/CMakeFiles/CMakeTmp'
Building C object CMakeFiles/cmTC_c7152.dir/src.c.o
/usr/local/gcc-8.2/bin/gcc   -fPIC -DCMAKE_HAVE_LIBC_PTHREAD   -o CMakeFiles/cmTC_c7152.dir/src.c.o   -c /home/les/MyCode/PyCode/pointpillisars_local/deploy/pointpillars/cpp/build/CMakeFiles/CMakeTmp/src.c
Linking C executable cmTC_c7152
/home/cmake-3.16.0-Linux-x86_64/bin/cmake -E cmake_link_script CMakeFiles/cmTC_c7152.dir/link.txt --verbose=1
/usr/local/gcc-8.2/bin/gcc -fPIC -DCMAKE_HAVE_LIBC_PTHREAD    -rdynamic CMakeFiles/cmTC_c7152.dir/src.c.o  -o cmTC_c7152 
CMakeFiles/cmTC_c7152.dir/src.c.o: In function `main':
src.c:(.text+0x2f): undefined reference to `pthread_create'
src.c:(.text+0x3b): undefined reference to `pthread_detach'
src.c:(.text+0x4c): undefined reference to `pthread_join'
src.c:(.text+0x60): undefined reference to `pthread_atfork'
collect2: error: ld returned 1 exit status
CMakeFiles/cmTC_c7152.dir/build.make:86: recipe for target 'cmTC_c7152' failed
make[1]: *** [cmTC_c7152] Error 1
make[1]: Leaving directory '/home/les/MyCode/PyCode/pointpillisars_local/deploy/pointpillars/cpp/build/CMakeFiles/CMakeTmp'
Makefile:121: recipe for target 'cmTC_c7152/fast' failed
make: *** [cmTC_c7152/fast] Error 2


Source file was:
#include <pthread.h>

void* test_func(void* data)
{
  return data;
}

int main(void)
{
  pthread_t thread;
  pthread_create(&thread, NULL, test_func, NULL);
  pthread_detach(thread);
  pthread_join(thread, NULL);
  pthread_atfork(NULL, NULL, NULL);
  pthread_exit(NULL);

  return 0;
}

Determining if the function pthread_create exists in the pthreads failed with the following output:
Change Dir: /home/les/MyCode/PyCode/pointpillisars_local/deploy/pointpillars/cpp/build/CMakeFiles/CMakeTmp

Run Build Command(s):/usr/bin/make cmTC_546a6/fast && /usr/bin/make -f CMakeFiles/cmTC_546a6.dir/build.make CMakeFiles/cmTC_546a6.dir/build
make[1]: Entering directory '/home/les/MyCode/PyCode/pointpillisars_local/deploy/pointpillars/cpp/build/CMakeFiles/CMakeTmp'
Building C object CMakeFiles/cmTC_546a6.dir/CheckFunctionExists.c.o
/usr/local/gcc-8.2/bin/gcc   -fPIC -DCHECK_FUNCTION_EXISTS=pthread_create   -o CMakeFiles/cmTC_546a6.dir/CheckFunctionExists.c.o   -c /home/cmake-3.16.0-Linux-x86_64/share/cmake-3.16/Modules/CheckFunctionExists.c
Linking C executable cmTC_546a6
/home/cmake-3.16.0-Linux-x86_64/bin/cmake -E cmake_link_script CMakeFiles/cmTC_546a6.dir/link.txt --verbose=1
/usr/local/gcc-8.2/bin/gcc -fPIC -DCHECK_FUNCTION_EXISTS=pthread_create    -rdynamic CMakeFiles/cmTC_546a6.dir/CheckFunctionExists.c.o  -o cmTC_546a6  -lpthreads 
/usr/local/bin/ld: cannot find -lpthreads
collect2: error: ld returned 1 exit status
CMakeFiles/cmTC_546a6.dir/build.make:86: recipe for target 'cmTC_546a6' failed
make[1]: *** [cmTC_546a6] Error 1
make[1]: Leaving directory '/home/les/MyCode/PyCode/pointpillisars_local/deploy/pointpillars/cpp/build/CMakeFiles/CMakeTmp'
Makefile:121: recipe for target 'cmTC_546a6/fast' failed
make: *** [cmTC_546a6/fast] Error 2



