LAUNCH INFO 2023-05-08 17:04:02,743 -----------  Configuration  ----------------------
LAUNCH INFO 2023-05-08 17:04:02,743 devices: 0
LAUNCH INFO 2023-05-08 17:04:02,743 elastic_level: -1
LAUNCH INFO 2023-05-08 17:04:02,743 elastic_timeout: 30
LAUNCH INFO 2023-05-08 17:04:02,743 gloo_port: 6767
LAUNCH INFO 2023-05-08 17:04:02,743 host: None
LAUNCH INFO 2023-05-08 17:04:02,744 ips: None
LAUNCH INFO 2023-05-08 17:04:02,744 job_id: default
LAUNCH INFO 2023-05-08 17:04:02,744 legacy: False
LAUNCH INFO 2023-05-08 17:04:02,744 log_dir: log
LAUNCH INFO 2023-05-08 17:04:02,744 log_level: INFO
LAUNCH INFO 2023-05-08 17:04:02,744 master: None
LAUNCH INFO 2023-05-08 17:04:02,744 max_restart: 3
LAUNCH INFO 2023-05-08 17:04:02,744 nnodes: 1
LAUNCH INFO 2023-05-08 17:04:02,744 nproc_per_node: None
LAUNCH INFO 2023-05-08 17:04:02,744 rank: -1
LAUNCH INFO 2023-05-08 17:04:02,744 run_mode: collective
LAUNCH INFO 2023-05-08 17:04:02,744 server_num: None
LAUNCH INFO 2023-05-08 17:04:02,744 servers: 
LAUNCH INFO 2023-05-08 17:04:02,744 start_port: 6070
LAUNCH INFO 2023-05-08 17:04:02,744 trainer_num: None
LAUNCH INFO 2023-05-08 17:04:02,744 trainers: 
LAUNCH INFO 2023-05-08 17:04:02,744 training_script: tools/train.py
LAUNCH INFO 2023-05-08 17:04:02,744 training_script_args: ['--config', 'configs/pointpillars/pointpillars_xyres16_kitti_tmp2.yml', '--save_interval', '5000', '--keep_checkpoint_max', '100', '--save_dir', 'outputs/pointpillars_init', '--num_workers', '8']
LAUNCH INFO 2023-05-08 17:04:02,744 with_gloo: 1
LAUNCH INFO 2023-05-08 17:04:02,744 --------------------------------------------------
LAUNCH INFO 2023-05-08 17:04:02,744 Job: default, mode collective, replicas 1[1:1], elastic False
LAUNCH INFO 2023-05-08 17:04:02,745 Run Pod: wfayon, replicas 1, status ready
LAUNCH INFO 2023-05-08 17:04:02,759 Watching Pod: wfayon, replicas 1, status running
2023-05-08 17:04:04,595 -  WARNING - No custom op iou3d_nms_cuda found, try JIT build
Compiling user custom op, it will cost a few seconds.....
2023-05-08 17:04:05,910 -     INFO - iou3d_nms_cuda builded success!
2023-05-08 17:04:06,134 -     INFO - not use cpu bind core
2023-05-08 17:04:06,245 -     INFO - Load 1911 AirPlane database infos
2023-05-08 17:04:06,245 -     INFO - After filtering min_num_points_in_box:
2023-05-08 17:04:06,245 -     INFO - Load 1911 AirPlane database infos
2023-05-08 17:04:06,247 -     INFO - After filtering ignored difficulty:
2023-05-08 17:04:06,247 -     INFO - Load 1911 AirPlane database infos
2023-05-08 17:04:06,398 -     INFO - 
------------Environment Information-------------
platform:
    Linux-5.4.0-148-generic-x86_64-with-debian-buster-sid
    gcc (Ubuntu 7.5.0-3ubuntu1~18.04) 7.5.0
    Python - 3.7.16 (default, Jan 17 2023, 22:20:44)  [GCC 11.2.0]

Science Toolkits:
    cv2 - 4.5.5
    numpy - 1.21.5
    numba - 0.56.4
    pandas - 1.3.5
    pillow - 8.3.2
    skimage - 0.19.3

PaddlePaddle:
    paddle(gpu) - 2.4.1
    paddle3d - 1.0.0
    paddleseg - 2.8.0
    FLAGS_cudnn_deterministic - Not set.
    FLAGS_cudnn_exhaustive_search - Not set.

CUDA:
    cudnn - 7605
    nvcc - Cuda compilation tools, release 10.2, V10.2.89

GPUs:
------------------------------------------------
2023-05-08 17:04:06,423 -     INFO - 
---------------Config Information---------------
batch_size: 4
export:
  transforms:
  - dim: 4
    type: LoadPointCloud
    use_dim: 4
  - max_points_in_voxel: 32
    max_voxel_num: 32000
    point_cloud_range:
    - 0
    - -79.36
    - -6
    - 207.36
    - 79.36
    - 6
    type: HardVoxelize
    voxel_size:
    - 0.16
    - 0.16
    - 12
iters: 296960
lr_scheduler:
  gamma: 0.8
  learning_rate: 0.0001
  step_size: 27840
  type: StepDecay
model:
  anchor_area_threshold: 1
  anchor_configs:
  - anchor_offsets:
    - 0.16
    - -79.2
    - -1.78
    anchor_strides:
    - 0.32
    - 0.32
    - 0.0
    matched_threshold: 0.6
    rotations:
    - 0
    - 1.57
    sizes:
    - 45
    - 40
    - 6
    unmatched_threshold: 0.45
  backbone:
    downsample_strides:
    - 2
    - 2
    - 2
    in_channels: 64
    layer_nums:
    - 3
    - 5
    - 5
    out_channels:
    - 64
    - 128
    - 256
    type: SecondBackbone
  head:
    box_code_size: 7
    encode_background_as_zeros: true
    feature_channels: 384
    nms_iou_threshold: 0.5
    nms_post_max_size: 300
    nms_pre_max_size: 1000
    nms_score_threshold: 0.05
    num_anchor_per_loc: 2
    num_classes: 1
    prediction_center_limit_range:
    - 0
    - -79.36
    - -8
    - 207.36
    - 79.36
    - 8
    type: SSDHead
    use_direction_classifier: true
  loss:
    bg_cls_weight: 1.0
    box_code_size: 7
    classification_loss:
      alpha: 0.25
      gamma: 2.0
      type: SigmoidFocalClassificationLoss
    classification_loss_weight: 1.0
    direction_loss:
      type: WeightedSoftmaxClassificationLoss
    direction_loss_weight: 0.2
    encode_background_as_zeros: true
    encode_rot_error_by_sin: true
    fg_cls_weight: 1.0
    num_classes: 1
    regression_loss:
      code_weights:
      - 1.0
      - 1.0
      - 1.0
      - 1.0
      - 1.0
      - 1.0
      - 1.0
      sigma: 3.0
      type: WeightedSmoothL1RegressionLoss
    regression_loss_weight: 2.0
    type: PointPillarsLoss
    use_direction_classifier: true
  middle_encoder:
    in_channels: 64
    point_cloud_range:
    - 0
    - -79.36
    - -6
    - 207.36
    - 79.36
    - 6
    type: PointPillarsScatter
    voxel_size:
    - 0.16
    - 0.16
    - 12
  neck:
    in_channels:
    - 64
    - 128
    - 256
    out_channels:
    - 128
    - 128
    - 128
    type: SecondFPN
    upsample_strides:
    - 1
    - 2
    - 4
    use_conv_for_no_stride: false
  pillar_encoder:
    feat_channels:
    - 64
    in_channels: 4
    legacy: false
    max_num_points_in_voxel: 32
    point_cloud_range:
    - 0
    - -79.36
    - -6
    - 207.36
    - 79.36
    - 6
    type: PillarFeatureNet
    voxel_size:
    - 0.16
    - 0.16
    - 12
    with_distance: true
  type: PointPillars
  voxelizer:
    max_num_points_in_voxel: 32
    max_num_voxels:
    - 16000
    - 40000
    point_cloud_range:
    - 0
    - -79.36
    - -6
    - 207.36
    - 79.36
    - 6
    type: HardVoxelizer
    voxel_size:
    - 0.16
    - 0.16
    - 12
optimizer:
  grad_clip:
    clip_norm: 10.0
    type: ClipGradByGlobalNorm
  type: Adam
  weight_decay: 0.0001
train_dataset:
  class_names:
  - AirPlane
  dataset_root: datasets/KITTI
  mode: train
  transforms:
  - dim: 4
    type: LoadPointCloud
    use_dim: 4
  - type: RemoveCameraInvisiblePointsKITTI
  - class_names:
    - AirPlane
    database_anno_path: datasets/KITTI/kitti_train_gt_database/anno_info_train.pkl
    database_root: datasets/KITTI/
    ignored_difficulty:
    - -1
    max_num_samples_per_class:
      AirPlane: 15
    min_num_points_in_box_per_class:
      AirPlane: 5
    type: SamplingDatabase
  - max_num_attempts: 100
    rotation_range:
    - -0.15707963267
    - 0.15707963267
    translation_std:
    - 0.25
    - 0.25
    - 0.25
    type: RandomObjectPerturb
  - type: RandomVerticalFlip
  - max_rot: 0.78539816
    min_rot: -0.78539816
    type: GlobalRotate
  - max_scale: 1.05
    min_scale: 0.95
    type: GlobalScale
  - translation_std:
    - 0.2
    - 0.2
    - 0.2
    type: GlobalTranslate
  - point_cloud_range:
    - 0
    - -79.36
    - -6
    - 207.36
    - 79.36
    - 6
    type: FilterBBoxOutsideRange
  - type: ShufflePoint
  - max_points_in_voxel: 32
    max_voxel_num: 32000
    point_cloud_range:
    - 0
    - -79.36
    - -6
    - 207.36
    - 79.36
    - 6
    type: HardVoxelize
    voxel_size:
    - 0.16
    - 0.16
    - 12
  - anchor_area_threshold: 1
    anchor_configs:
    - anchor_offsets:
      - 0.16
      - -79.2
      - -1.78
      anchor_strides:
      - 0.32
      - 0.32
      - 0.0
      matched_threshold: 0.6
      rotations:
      - 0
      - 1.57
      sizes:
      - 45
      - 40
      - 6
      unmatched_threshold: 0.45
    output_stride_factor: 2
    point_cloud_range:
    - 0
    - -79.36
    - -6
    - 207.36
    - 79.36
    - 6
    type: GenerateAnchors
    voxel_size:
    - 0.16
    - 0.16
    - 12
  - rpn_batch_size: 512
    type: Gt2PointPillarsTarget
  type: KittiPCDataset
val_dataset:
  class_names:
  - AirPlane
  dataset_root: datasets/KITTI
  mode: val
  transforms:
  - dim: 4
    type: LoadPointCloud
    use_dim: 4
  - type: RemoveCameraInvisiblePointsKITTI
  - max_points_in_voxel: 32
    max_voxel_num: 80000
    point_cloud_range:
    - 0
    - -79.36
    - -6
    - 207.36
    - 79.36
    - 6
    type: HardVoxelize
    voxel_size:
    - 0.16
    - 0.16
    - 12
  - anchor_area_threshold: 1
    anchor_configs:
    - anchor_offsets:
      - 0.16
      - -79.2
      - -1.78
      anchor_strides:
      - 0.32
      - 0.32
      - 0.0
      matched_threshold: 0.6
      rotations:
      - 0
      - 1.57
      sizes:
      - 45
      - 40
      - 6
      unmatched_threshold: 0.45
    output_stride_factor: 2
    point_cloud_range:
    - 0
    - -79.36
    - -6
    - 207.36
    - 79.36
    - 6
    type: GenerateAnchors
    voxel_size:
    - 0.16
    - 0.16
    - 12
  type: KittiPCDataset
------------------------------------------------
W0508 17:04:06.426620 10344 gpu_resources.cc:61] Please NOTE: device: 0, GPU Compute Capability: 7.5, Driver API Version: 12.1, Runtime API Version: 10.2
W0508 17:04:06.426647 10344 gpu_resources.cc:91] device: 0, cuDNN Version: 7.6.
LAUNCH INFO 2023-05-08 17:04:14,711 Terminating with signal 2
LAUNCH INFO 2023-05-08 17:04:14,911 Exit with signal 2
